<?xml version="1.0" encoding="UTF-8"?>
<!-- Generated by org.testng.reporters.JUnitReportReporter -->
<testsuite hostname="LPCAIQ1099" failures="0" tests="1" name="runner.TestRunner" time="22.138" errors="0" timestamp="2022-11-24T13:13:38 EET" skipped="0">
  <testcase classname="runner.TestRunner" name="runScenario" time="22.138"/>
  <system-out/>
</testsuite> <!-- runner.TestRunner -->
