<?xml version="1.0" encoding="UTF-8"?>
<!-- Generated by org.testng.reporters.JUnitReportReporter -->
<testsuite hostname="LPCAIQ1099" failures="0" tests="2" name="Tests.Valid_LoginWith_Cookies_TC" time="9.771" errors="0" timestamp="2022-11-13T11:45:27 EET" skipped="0">
  <testcase classname="Tests.Valid_LoginWith_Cookies_TC" name="ValidLogin" time="3.408"/>
  <system-out/>
  <testcase classname="Tests.Valid_LoginWith_Cookies_TC" name="Login_With_Cookies" time="6.363"/>
  <system-out/>
</testsuite> <!-- Tests.Valid_LoginWith_Cookies_TC -->
