<?xml version="1.0" encoding="UTF-8"?>
<!-- Generated by org.testng.reporters.JUnitReportReporter -->
<testsuite hostname="LPCAIQ1099" failures="0" tests="1" name="Tests.ClickOnBtnUsing_JavaScript" time="5.607" errors="0" timestamp="2022-11-30T16:58:52 EET" skipped="0">
  <testcase classname="Tests.ClickOnBtnUsing_JavaScript" name="ClickOnHello_signIN_Btn_With_JS" time="5.607"/>
  <system-out/>
</testsuite> <!-- Tests.ClickOnBtnUsing_JavaScript -->
