<?xml version="1.0" encoding="UTF-8"?>
<!-- Generated by org.testng.reporters.JUnitReportReporter -->
<testsuite hostname="LPCAIQ1099" failures="0" tests="1" name="Tests.HeadlessChrome" time="5.997" errors="0" timestamp="2022-11-30T17:29:43 EET" skipped="0">
  <testcase classname="Tests.HeadlessChrome" name="HeadlessTest" time="5.997"/>
  <system-out/>
</testsuite> <!-- Tests.HeadlessChrome -->
