<?xml version="1.0" encoding="UTF-8"?>
<!-- Generated by org.testng.reporters.JUnitReportReporter -->
<testsuite hostname="LPCAIQ1099" failures="0" tests="2" name="Tests.Calendar_Third_ChallengeTC" time="10.557" errors="0" timestamp="2022-11-27T16:23:02 EET" skipped="0">
  <testcase classname="Tests.Calendar_Third_ChallengeTC" name="Inserting_Date_In_Calendar2020" time="4.879"/>
  <system-out/>
  <testcase classname="Tests.Calendar_Third_ChallengeTC" name="Inserting_Date_In_Calendar2023" time="5.678"/>
  <system-out/>
</testsuite> <!-- Tests.Calendar_Third_ChallengeTC -->
