<?xml version="1.0" encoding="UTF-8"?>
<!-- Generated by org.testng.reporters.JUnitReportReporter -->
<testsuite hostname="LPCAIQ1099" failures="0" tests="1" name="Tests.LocalizationTo_English" time="6.646" errors="0" timestamp="2022-11-28T10:18:27 EET" skipped="0">
  <testcase classname="Tests.LocalizationTo_English" name="Loc_To_English" time="6.646"/>
  <system-out/>
</testsuite> <!-- Tests.LocalizationTo_English -->
