<?xml version="1.0" encoding="UTF-8"?>
<!-- Generated by org.testng.reporters.JUnitReportReporter -->
<testsuite hostname="LPCAIQ1099" failures="0" tests="2" name="Tests.Login_With_Cookies_Refactored" time="79.762" errors="0" timestamp="2022-11-24T10:32:26 EET" skipped="0">
  <testcase classname="Tests.Login_With_Cookies_Refactored" name="First_Login" time="44.470"/>
  <system-out/>
  <testcase classname="Tests.Login_With_Cookies_Refactored" name="Login_With_cookies" time="35.292"/>
  <system-out/>
</testsuite> <!-- Tests.Login_With_Cookies_Refactored -->
