<?xml version="1.0" encoding="UTF-8"?>
<!-- Generated by org.testng.reporters.JUnitReportReporter -->
<testsuite hostname="LPCAIQ1099" failures="0" tests="1" name="Tests.Upload_TC" time="50.044" errors="0" timestamp="2022-11-24T12:43:34 EET" skipped="0">
  <testcase classname="Tests.Upload_TC" name="Uploading" time="50.044"/>
  <system-out/>
</testsuite> <!-- Tests.Upload_TC -->
