<?xml version="1.0" encoding="UTF-8"?>
<!-- Generated by org.testng.reporters.JUnitReportReporter -->
<testsuite hostname="LPCAIQ1099" failures="0" tests="1" name="Tests.ForgotYourPass_FunctionalityTC" time="4.077" errors="0" timestamp="2022-11-01T11:37:19 EET" skipped="0">
  <testcase classname="Tests.ForgotYourPass_FunctionalityTC" name="Validating_ForgotPassWord_Button_Functionality" time="4.077"/>
  <system-out/>
</testsuite> <!-- Tests.ForgotYourPass_FunctionalityTC -->
