<?xml version="1.0" encoding="UTF-8"?>
<!-- Generated by org.testng.reporters.JUnitReportReporter -->
<testsuite hostname="LPCAIQ1099" failures="0" tests="4" name="Tests.ValidationTC_NameAndPassFields" time="24.464" errors="0" timestamp="2022-11-28T13:03:08 EET" skipped="0">
  <testcase classname="Tests.ValidationTC_NameAndPassFields" name="inValidLogin" time="6.076"/>
  <system-out/>
  <testcase classname="Tests.ValidationTC_NameAndPassFields" name="inValidLogin" time="5.818"/>
  <system-out/>
  <testcase classname="Tests.ValidationTC_NameAndPassFields" name="inValidLogin" time="7.075"/>
  <system-out/>
  <testcase classname="Tests.ValidationTC_NameAndPassFields" name="inValidLogin" time="5.495"/>
  <system-out/>
</testsuite> <!-- Tests.ValidationTC_NameAndPassFields -->
