<?xml version="1.0" encoding="UTF-8"?>
<!-- Generated by org.testng.reporters.JUnitReportReporter -->
<testsuite hostname="LPCAIQ1099" failures="0" tests="1" name="Tests.Facebook_Button_FunctionalityTC" time="1.428" errors="0" timestamp="2022-11-01T10:15:26 EET" skipped="0">
  <testcase classname="Tests.Facebook_Button_FunctionalityTC" name="CheckingFAceBookButtonFunbction" time="1.428"/>
  <system-out/>
</testsuite> <!-- Tests.Facebook_Button_FunctionalityTC -->
