<?xml version="1.0" encoding="UTF-8"?>
<!-- Generated by org.testng.reporters.JUnitReportReporter -->
<testsuite hostname="DESKTOP-M9BF9G6" name="Tests.SigningUpWithDuplicatedMail" tests="1" failures="0" timestamp="3 Sep 2022 02:45:58 GMT" time="7.145" errors="0">
  <testcase name="DuplicatedMail_SignUp" time="7.145" classname="Tests.SigningUpWithDuplicatedMail"/>
</testsuite> <!-- Tests.SigningUpWithDuplicatedMail -->
