<?xml version="1.0" encoding="UTF-8"?>
<!-- Generated by org.testng.reporters.JUnitReportReporter -->
<testsuite hostname="LPCAIQ1099" failures="0" tests="1" name="Tests.SSL_Certificate" time="7.868" errors="0" timestamp="2022-11-10T10:19:33 EET" skipped="0">
  <testcase classname="Tests.SSL_Certificate" name="SSL_Certificate_TC" time="7.868"/>
  <system-out/>
</testsuite> <!-- Tests.SSL_Certificate -->
