<?xml version="1.0" encoding="UTF-8"?>
<!-- Generated by org.testng.reporters.JUnitReportReporter -->
<testsuite hostname="LPCAIQ1099" failures="0" tests="1" name="Tests.Open_Vacancies_Tab_TC" time="14.991" errors="0" timestamp="2022-11-14T14:22:55 EET" skipped="0">
  <testcase classname="Tests.Open_Vacancies_Tab_TC" name="Open_Vacanies_Tab" time="14.991"/>
  <system-out/>
</testsuite> <!-- Tests.Open_Vacancies_Tab_TC -->
