<?xml version="1.0" encoding="UTF-8"?>
<!-- Generated by org.testng.reporters.JUnitReportReporter -->
<testsuite hostname="LPCAIQ1099" failures="0" tests="4" name="Tests.NameAndPassFields_ValidationTC" time="2.938" errors="0" timestamp="2022-11-01T12:20:50 EET" skipped="0">
  <testcase classname="Tests.NameAndPassFields_ValidationTC" name="inValidLogin" time="0.166"/>
  <system-out/>
  <testcase classname="Tests.NameAndPassFields_ValidationTC" name="inValidLogin" time="0.146"/>
  <system-out/>
  <testcase classname="Tests.NameAndPassFields_ValidationTC" name="inValidLogin" time="1.323"/>
  <system-out/>
  <testcase classname="Tests.NameAndPassFields_ValidationTC" name="inValidLogin" time="1.303"/>
  <system-out/>
</testsuite> <!-- Tests.NameAndPassFields_ValidationTC -->
