<?xml version="1.0" encoding="UTF-8"?>
<!-- Generated by org.testng.reporters.JUnitReportReporter -->
<testsuite hostname="DESKTOP-M9BF9G6" name="Tests.SucessfulSignUpTC" tests="1" failures="0" timestamp="3 Sep 2022 02:50:28 GMT" time="13.038" errors="0">
  <testcase name="Successful_SignUp" time="13.038" classname="Tests.SucessfulSignUpTC"/>
</testsuite> <!-- Tests.SucessfulSignUpTC -->
