<?xml version="1.0" encoding="UTF-8"?>
<!-- Generated by org.testng.reporters.JUnitReportReporter -->
<testsuite hostname="LPCAIQ1099" failures="0" tests="1" name="Tests.LocalizationTo_Deutsch" time="7.063" errors="0" timestamp="2022-11-28T11:41:01 EET" skipped="0">
  <testcase classname="Tests.LocalizationTo_Deutsch" name="Loc_To_Deutsch" time="7.063"/>
  <system-out/>
</testsuite> <!-- Tests.LocalizationTo_Deutsch -->
