<?xml version="1.0" encoding="UTF-8"?>
<!-- Generated by org.testng.reporters.JUnitReportReporter -->
<testsuite hostname="LPCAIQ1099" failures="0" tests="1" name="Tests.Linkedin_Button_FunctionalityTC" time="3.215" errors="0" timestamp="2022-11-01T10:17:15 EET" skipped="0">
  <testcase classname="Tests.Linkedin_Button_FunctionalityTC" name="Checking_Linkedin_ButtonFunbction" time="3.215"/>
  <system-out/>
</testsuite> <!-- Tests.Linkedin_Button_FunctionalityTC -->
