<?xml version="1.0" encoding="UTF-8"?>
<!-- Generated by org.testng.reporters.JUnitReportReporter -->
<testsuite hostname="LPCAIQ1099" failures="0" tests="1" name="Tests.Hover_Over_Recruitment_Button" time="13.072" errors="0" timestamp="2022-11-14T15:26:26 EET" skipped="0">
  <testcase classname="Tests.Hover_Over_Recruitment_Button" name="Open_Vacanies_Tab" time="13.072"/>
  <system-out/>
</testsuite> <!-- Tests.Hover_Over_Recruitment_Button -->
