<?xml version="1.0" encoding="UTF-8"?>
<!-- Generated by org.testng.reporters.JUnitReportReporter -->
<testsuite hostname="LPCAIQ1099" failures="0" tests="1" name="Tests.Broken_LinksTC2" time="9.390" errors="0" timestamp="2022-11-28T13:10:11 EET" skipped="0">
  <testcase classname="Tests.Broken_LinksTC2" name="CheckingBrokenLinks" time="9.390"/>
  <system-out/>
</testsuite> <!-- Tests.Broken_LinksTC2 -->
