<?xml version="1.0" encoding="UTF-8"?>
<!-- Generated by org.testng.reporters.JUnitReportReporter -->
<testsuite hostname="LPCAIQ1099" failures="0" tests="2" name="Tests.Login_Using_Cookies" time="101.937" errors="0" timestamp="2022-11-24T10:30:36 EET" skipped="0">
  <testcase classname="Tests.Login_Using_Cookies" name="First_Login" time="43.834"/>
  <system-out/>
  <testcase classname="Tests.Login_Using_Cookies" name="Login_cookies" time="58.103"/>
  <system-out/>
</testsuite> <!-- Tests.Login_Using_Cookies -->
