<?xml version="1.0" encoding="UTF-8"?>
<!-- Generated by org.testng.reporters.JUnitReportReporter -->
<testsuite hostname="LPCAIQ1099" failures="0" tests="2" name="Tests.L" time="19.886" errors="0" timestamp="2022-11-14T10:45:12 EET" skipped="0">
  <testcase classname="Tests.L" name="First_Login" time="9.249"/>
  <system-out/>
  <testcase classname="Tests.L" name="Login_With_cookies" time="10.637"/>
  <system-out/>
</testsuite> <!-- Tests.L -->
