<?xml version="1.0" encoding="UTF-8"?>
<!-- Generated by org.testng.reporters.JUnitReportReporter -->
<testsuite hostname="DESKTOP-M9BF9G6" name="Tests.EmailValidation" tests="1" failures="0" timestamp="3 Sep 2022 02:22:25 GMT" time="0.692" errors="0">
  <testcase name="Successful_SignUp" time="0.692" classname="Tests.EmailValidation"/>
</testsuite> <!-- Tests.EmailValidation -->
