<?xml version="1.0" encoding="UTF-8"?>
<!-- Generated by org.testng.reporters.JUnitReportReporter -->
<testsuite hostname="DESKTOP-M9BF9G6" name="Tests.ValidatingLoginButtonFuncWithoutSigningUp" tests="1" failures="0" timestamp="4 Sep 2022 07:26:20 GMT" time="1.768" errors="0">
  <testcase name="loginValidation" time="1.768" classname="Tests.ValidatingLoginButtonFuncWithoutSigningUp"/>
</testsuite> <!-- Tests.ValidatingLoginButtonFuncWithoutSigningUp -->
