<?xml version="1.0" encoding="UTF-8"?>
<!-- Generated by org.testng.reporters.JUnitReportReporter -->
<testsuite hostname="LPCAIQ1099" failures="0" tests="1" name="Tests.Find_Second_highest_price" time="2.320" errors="0" timestamp="2022-11-30T09:42:04 EET" skipped="0">
  <testcase classname="Tests.Find_Second_highest_price" name="Find2ndHighestPrice" time="2.320"/>
  <system-out/>
</testsuite> <!-- Tests.Find_Second_highest_price -->
