<?xml version="1.0" encoding="UTF-8"?>
<!-- Generated by org.testng.reporters.JUnitReportReporter -->
<testsuite hostname="LPCAIQ1099" failures="0" tests="1" name="Tests.Right_Click_TC" time="3.445" errors="0" timestamp="2022-11-13T14:33:07 EET" skipped="0">
  <testcase classname="Tests.Right_Click_TC" name="RightClickOnBtn" time="3.445"/>
  <system-out/>
</testsuite> <!-- Tests.Right_Click_TC -->
