<?xml version="1.0" encoding="UTF-8"?>
<!-- Generated by org.testng.reporters.JUnitReportReporter -->
<testsuite hostname="LPCAIQ1099" failures="0" tests="2" name="Tests.Valid_LoginTC2" time="10.553" errors="0" timestamp="2022-11-13T11:17:11 EET" skipped="0">
  <testcase classname="Tests.Valid_LoginTC2" name="ValidLogin" time="3.307"/>
  <system-out/>
  <testcase classname="Tests.Valid_LoginTC2" name="Login_With_Cookies" time="7.246"/>
  <system-out/>
</testsuite> <!-- Tests.Valid_LoginTC2 -->
