<?xml version="1.0" encoding="UTF-8"?>
<!-- Generated by org.testng.reporters.JUnitReportReporter -->
<testsuite hostname="LPCAIQ1099" failures="0" tests="1" name="Tests.JavaScript_For_Beginners" time="8.157" errors="0" timestamp="2022-11-14T15:44:34 EET" skipped="0">
  <testcase classname="Tests.JavaScript_For_Beginners" name="ClickOn_JavaScript_For_Beginners" time="8.157"/>
  <system-out/>
</testsuite> <!-- Tests.JavaScript_For_Beginners -->
