<?xml version="1.0" encoding="UTF-8"?>
<!-- Generated by org.testng.reporters.JUnitReportReporter -->
<testsuite hostname="LPCAIQ1099" failures="0" tests="1" name="Tests.LocalizationTo_Spanish" time="3.819" errors="0" timestamp="2022-11-28T11:36:00 EET" skipped="0">
  <testcase classname="Tests.LocalizationTo_Spanish" name="Loc_To_Spanish" time="3.819"/>
  <system-out/>
</testsuite> <!-- Tests.LocalizationTo_Spanish -->
