<?xml version="1.0" encoding="UTF-8"?>
<!-- Generated by org.testng.reporters.JUnitReportReporter -->
<testsuite hostname="LPCAIQ1099" failures="0" tests="4" name="Tests.NameAndPassFields_Validation" time="15.241" errors="0" timestamp="2022-10-31T13:33:23 EET" skipped="0">
  <testcase classname="Tests.NameAndPassFields_Validation" name="inValidLogin" time="3.996"/>
  <system-out/>
  <testcase classname="Tests.NameAndPassFields_Validation" name="inValidLogin" time="3.457"/>
  <system-out/>
  <testcase classname="Tests.NameAndPassFields_Validation" name="inValidLogin" time="4.367"/>
  <system-out/>
  <testcase classname="Tests.NameAndPassFields_Validation" name="inValidLogin" time="3.421"/>
  <system-out/>
</testsuite> <!-- Tests.NameAndPassFields_Validation -->
