<?xml version="1.0" encoding="UTF-8"?>
<!-- Generated by org.testng.reporters.JUnitReportReporter -->
<testsuite hostname="LPCAIQ1099" failures="0" tests="2" name="Tests.ExtentReportsWithTestNG" time="8.009" errors="0" timestamp="2022-11-30T12:27:32 EET" skipped="0">
  <testcase classname="Tests.ExtentReportsWithTestNG" name="Test2" time="4.850"/>
  <system-out/>
  <testcase classname="Tests.ExtentReportsWithTestNG" name="Test1" time="3.159"/>
  <system-out/>
</testsuite> <!-- Tests.ExtentReportsWithTestNG -->
